10:47:07.543 INFO - Launching a standalone server
10:47:07.579 INFO - Java: Oracle Corporation 25.31-b07
10:47:07.579 INFO - OS: Mac OS X 10.10.2 x86_64
10:47:07.588 INFO - v2.45.0, with Core v2.45.0. Built from revision 5017cb8
10:47:07.661 INFO - Default driver org.openqa.selenium.ie.InternetExplorerDriver registration is skipped: registration capabilities Capabilities [{ensureCleanSession=true, browserName=internet explorer, version=, platform=WINDOWS}] does not match with current platform: MAC
10:47:07.695 INFO - RemoteWebDriver instances should connect to: http://127.0.0.1:4444/wd/hub
10:47:07.695 INFO - Version Jetty/5.1.x
10:47:07.696 INFO - Started HttpContext[/selenium-server,/selenium-server]
10:47:07.726 INFO - Started org.openqa.jetty.jetty.servlet.ServletHandler@16c0663d
10:47:07.726 INFO - Started HttpContext[/wd,/wd]
10:47:07.726 INFO - Started HttpContext[/selenium-server/driver,/selenium-server/driver]
10:47:07.726 INFO - Started HttpContext[/,/]
10:47:07.730 INFO - Started SocketListener on 0.0.0.0:4444
10:47:07.730 INFO - Started org.openqa.jetty.jetty.Server@30dae81
10:47:07.907 INFO - Executing: [new session: Capabilities [{acceptSslCerts=true, name=Nightwatch Git Hub Test, browserName=firefox, javascriptEnabled=true, platform=ANY}]])
10:47:07.915 INFO - Creating a new session for Capabilities [{acceptSslCerts=true, name=Nightwatch Git Hub Test, browserName=firefox, javascriptEnabled=true, platform=ANY}]
10:47:10.379 INFO - Done: [new session: Capabilities [{acceptSslCerts=true, name=Nightwatch Git Hub Test, browserName=firefox, javascriptEnabled=true, platform=ANY}]]
10:47:10.386 INFO - Executing: [maximise window])
10:47:10.828 INFO - Done: [maximise window]
10:47:10.831 INFO - Executing: [get: http://www.google.co.uk])
10:47:13.892 INFO - Done: [get: http://www.google.co.uk]
10:47:13.897 INFO - Executing: [find element: By.cssSelector: body])
10:47:14.001 INFO - Done: [find element: By.cssSelector: body]
10:47:14.004 INFO - Executing: [is displayed: 0 [[FirefoxDriver: firefox on MAC (a11ff2c7-7ec2-6247-b307-35972c70ac16)] -> css selector: body]])
10:47:14.042 INFO - Done: [is displayed: 0 [[FirefoxDriver: firefox on MAC (a11ff2c7-7ec2-6247-b307-35972c70ac16)] -> css selector: body]]
10:47:14.050 INFO - Executing: [find element: By.cssSelector: input[type=text]])
10:47:14.089 INFO - Done: [find element: By.cssSelector: input[type=text]]
10:47:14.091 INFO - Executing: [is displayed: 1 [[FirefoxDriver: firefox on MAC (a11ff2c7-7ec2-6247-b307-35972c70ac16)] -> css selector: input[type=text]]])
10:47:14.129 INFO - Done: [is displayed: 1 [[FirefoxDriver: firefox on MAC (a11ff2c7-7ec2-6247-b307-35972c70ac16)] -> css selector: input[type=text]]]
10:47:14.132 INFO - Executing: [find element: By.cssSelector: input[type=text]])
10:47:14.164 INFO - Done: [find element: By.cssSelector: input[type=text]]
10:47:14.177 INFO - Executing: [send keys: 1 [[FirefoxDriver: firefox on MAC (a11ff2c7-7ec2-6247-b307-35972c70ac16)] -> css selector: input[type=text]], [n, i, g, h, t, w, a, t, c, h, j, s]])
10:47:14.284 INFO - Done: [send keys: 1 [[FirefoxDriver: firefox on MAC (a11ff2c7-7ec2-6247-b307-35972c70ac16)] -> css selector: input[type=text]], [n, i, g, h, t, w, a, t, c, h, j, s]]
10:47:14.287 INFO - Executing: [find element: By.cssSelector: button[name=btnG]])
10:47:14.335 INFO - Done: [find element: By.cssSelector: button[name=btnG]]
10:47:14.337 INFO - Executing: [is displayed: 2 [[FirefoxDriver: firefox on MAC (a11ff2c7-7ec2-6247-b307-35972c70ac16)] -> css selector: button[name=btnG]]])
10:47:14.524 INFO - Done: [is displayed: 2 [[FirefoxDriver: firefox on MAC (a11ff2c7-7ec2-6247-b307-35972c70ac16)] -> css selector: button[name=btnG]]]
10:47:14.528 INFO - Executing: [find element: By.cssSelector: button[name=btnG]])
10:47:14.575 INFO - Done: [find element: By.cssSelector: button[name=btnG]]
10:47:14.578 INFO - Executing: [click: 2 [[FirefoxDriver: firefox on MAC (a11ff2c7-7ec2-6247-b307-35972c70ac16)] -> css selector: button[name=btnG]]])
10:47:14.687 INFO - Done: [click: 2 [[FirefoxDriver: firefox on MAC (a11ff2c7-7ec2-6247-b307-35972c70ac16)] -> css selector: button[name=btnG]]]
10:47:15.696 INFO - Executing: [find element: By.cssSelector: ol#rso li:first-child])
10:47:15.704 INFO - Done: [find element: By.cssSelector: ol#rso li:first-child]
10:47:15.706 INFO - Executing: [is displayed: 3 [[FirefoxDriver: firefox on MAC (a11ff2c7-7ec2-6247-b307-35972c70ac16)] -> css selector: ol#rso li:first-child]])
10:47:15.760 INFO - Done: [is displayed: 3 [[FirefoxDriver: firefox on MAC (a11ff2c7-7ec2-6247-b307-35972c70ac16)] -> css selector: ol#rso li:first-child]]
10:47:15.763 INFO - Executing: [find element: By.xpath: .//*[@id="rso"]/div[2]/li[1]/div/h3/a])
10:47:15.809 INFO - Done: [find element: By.xpath: .//*[@id="rso"]/div[2]/li[1]/div/h3/a]
10:47:15.812 INFO - Executing: [click: 4 [[FirefoxDriver: firefox on MAC (a11ff2c7-7ec2-6247-b307-35972c70ac16)] -> xpath: .//*[@id="rso"]/div[2]/li[1]/div/h3/a]])
10:47:16.022 INFO - Done: [click: 4 [[FirefoxDriver: firefox on MAC (a11ff2c7-7ec2-6247-b307-35972c70ac16)] -> xpath: .//*[@id="rso"]/div[2]/li[1]/div/h3/a]]
10:47:16.030 INFO - Executing: [find element: By.cssSelector: .btn.btn-primary.btn-lg.btn-github])
10:47:17.612 INFO - Done: [find element: By.cssSelector: .btn.btn-primary.btn-lg.btn-github]
10:47:17.614 INFO - Executing: [is displayed: 5 [[FirefoxDriver: firefox on MAC (a11ff2c7-7ec2-6247-b307-35972c70ac16)] -> css selector: .btn.btn-primary.btn-lg.btn-github]])
10:47:17.676 INFO - Done: [is displayed: 5 [[FirefoxDriver: firefox on MAC (a11ff2c7-7ec2-6247-b307-35972c70ac16)] -> css selector: .btn.btn-primary.btn-lg.btn-github]]
10:47:17.679 INFO - Executing: [get current url])
10:47:17.735 INFO - Done: [get current url]
10:47:17.740 INFO - Executing: [find element: By.cssSelector: .btn.btn-primary.btn-lg.btn-github])
10:47:17.789 INFO - Done: [find element: By.cssSelector: .btn.btn-primary.btn-lg.btn-github]
10:47:17.791 INFO - Executing: [click: 5 [[FirefoxDriver: firefox on MAC (a11ff2c7-7ec2-6247-b307-35972c70ac16)] -> css selector: .btn.btn-primary.btn-lg.btn-github]])
10:47:18.431 INFO - Done: [click: 5 [[FirefoxDriver: firefox on MAC (a11ff2c7-7ec2-6247-b307-35972c70ac16)] -> css selector: .btn.btn-primary.btn-lg.btn-github]]
10:47:18.434 INFO - Executing: [get window handles])
10:47:18.495 INFO - Done: [get window handles]
10:47:18.501 INFO - Executing: [switch to window: {6d053d70-a462-9649-b97b-e42ae89883cd}])
10:47:18.552 INFO - Done: [switch to window: {6d053d70-a462-9649-b97b-e42ae89883cd}]
10:47:18.555 INFO - Executing: [find element: By.cssSelector: .repository-description])
10:47:23.835 INFO - Done: [find element: By.cssSelector: .repository-description]
10:47:23.838 INFO - Executing: [is displayed: 6 [[FirefoxDriver: firefox on MAC (a11ff2c7-7ec2-6247-b307-35972c70ac16)] -> css selector: .repository-description]])
10:47:23.898 INFO - Done: [is displayed: 6 [[FirefoxDriver: firefox on MAC (a11ff2c7-7ec2-6247-b307-35972c70ac16)] -> css selector: .repository-description]]
10:47:23.901 INFO - Executing: [find element: By.cssSelector: .repository-description])
10:47:23.948 INFO - Done: [find element: By.cssSelector: .repository-description]
10:47:23.950 INFO - Executing: [get text: 6 [[FirefoxDriver: firefox on MAC (a11ff2c7-7ec2-6247-b307-35972c70ac16)] -> css selector: .repository-description]])
10:47:24.005 INFO - Done: [get text: 6 [[FirefoxDriver: firefox on MAC (a11ff2c7-7ec2-6247-b307-35972c70ac16)] -> css selector: .repository-description]]
10:47:24.008 INFO - Executing: [find element: By.cssSelector: .js-current-repository])
10:47:24.055 INFO - Done: [find element: By.cssSelector: .js-current-repository]
10:47:24.057 INFO - Executing: [get text: 7 [[FirefoxDriver: firefox on MAC (a11ff2c7-7ec2-6247-b307-35972c70ac16)] -> css selector: .js-current-repository]])
10:47:24.106 INFO - Done: [get text: 7 [[FirefoxDriver: firefox on MAC (a11ff2c7-7ec2-6247-b307-35972c70ac16)] -> css selector: .js-current-repository]]
10:47:24.108 INFO - Executing: [get current url])
10:47:24.153 INFO - Done: [get current url]
10:47:24.156 INFO - Executing: [delete session: 6e6371ea-3a7c-4e7b-985a-4326e41885c2])
10:47:24.291 INFO - Done: [delete session: 6e6371ea-3a7c-4e7b-985a-4326e41885c2]
10:47:24.302 INFO - Shutting down...
